<?xml version="1.0" encoding="UTF-8"?>
<testng-results ignored="0" total="1" passed="1" failed="0" skipped="0">
  <reporter-output>
  </reporter-output>
  <suite started-at="2024-06-04T16:31:46 IST" name="Dynamic Test Suite" finished-at="2024-06-04T16:32:56 IST" duration-ms="69248">
    <groups>
    </groups>
    <test started-at="2024-06-04T16:31:46 IST" name="com.superapp.tests.VerifyComparePlanQuickLinkTest" finished-at="2024-06-04T16:32:56 IST" duration-ms="69248">
      <class name="com.superapp.tests.VerifyComparePlanQuickLinkTest">
        <test-method is-config="true" signature="startServer()[pri:0, instance:com.superapp.tests.VerifyComparePlanQuickLinkTest@6548bb7d]" started-at="2024-06-04T16:31:45 IST" name="startServer" finished-at="2024-06-04T16:31:46 IST" duration-ms="1546" status="PASS">
          <reporter-output>
          </reporter-output>
        </test-method> <!-- startServer -->
        <test-method is-config="true" signature="openApplication()[pri:0, instance:com.superapp.tests.VerifyComparePlanQuickLinkTest@6548bb7d]" started-at="2024-06-04T16:31:46 IST" name="openApplication" finished-at="2024-06-04T16:32:00 IST" duration-ms="13820" status="PASS">
          <reporter-output>
          </reporter-output>
        </test-method> <!-- openApplication -->
        <test-method signature="comparePlanMenuLauncherTest(java.util.HashMap)[pri:0, instance:com.superapp.tests.VerifyComparePlanQuickLinkTest@6548bb7d]" started-at="2024-06-04T16:32:00 IST" name="comparePlanMenuLauncherTest" data-provider="Datadriven" finished-at="2024-06-04T16:32:56 IST" duration-ms="55308" status="PASS">
          <params>
            <param index="0">
              <value>
                <![CDATA[{SSO ID=RKHRY1015, Password=Allow#1234}]]>
              </value>
            </param>
          </params>
          <reporter-output>
          </reporter-output>
        </test-method> <!-- comparePlanMenuLauncherTest -->
        <test-method is-config="true" signature="tearDown()[pri:0, instance:com.superapp.tests.VerifyComparePlanQuickLinkTest@6548bb7d]" started-at="2024-06-04T16:32:56 IST" name="tearDown" finished-at="2024-06-04T16:32:56 IST" duration-ms="1" status="PASS">
          <reporter-output>
          </reporter-output>
        </test-method> <!-- tearDown -->
      </class> <!-- com.superapp.tests.VerifyComparePlanQuickLinkTest -->
    </test> <!-- com.superapp.tests.VerifyComparePlanQuickLinkTest -->
  </suite> <!-- Dynamic Test Suite -->
</testng-results>
