<?xml version="1.0" encoding="UTF-8"?>
<testng-results ignored="0" total="1" passed="1" failed="0" skipped="0">
  <reporter-output>
  </reporter-output>
  <suite started-at="2024-06-04T16:31:43 IST" name="Default suite" finished-at="2024-06-04T16:32:56 IST" duration-ms="72745">
    <groups>
    </groups>
    <test started-at="2024-06-04T16:31:43 IST" name="Default test" finished-at="2024-06-04T16:32:56 IST" duration-ms="72745">
      <class name="com.superapp.tests.AppRun">
        <test-method signature="runApp()[pri:0, instance:com.superapp.tests.AppRun@1a942c18]" started-at="2024-06-04T16:31:43 IST" name="runApp" finished-at="2024-06-04T16:32:56 IST" duration-ms="72690" status="PASS">
          <reporter-output>
          </reporter-output>
        </test-method> <!-- runApp -->
      </class> <!-- com.superapp.tests.AppRun -->
    </test> <!-- Default test -->
  </suite> <!-- Default suite -->
</testng-results>
